{"contracts/Batcher.sol":{"l":{"32":1,"33":1,"34":1,"35":1,"36":1,"40":50,"41":50,"42":50,"43":12,"47":67,"48":61,"63":50,"64":46,"68":44,"72":42,"73":284,"74":282,"78":276,"79":254,"94":45,"95":45,"103":4,"104":2,"105":2,"118":12,"119":10,"120":10,"124":2,"128":2},"path":"/Users/ttaylor/dev/eth-multisig-v4/contracts/Batcher.sol","s":{"1":1,"2":1,"3":1,"4":1,"5":1,"6":50,"7":12,"8":67,"9":50,"10":46,"11":44,"12":42,"13":284,"14":282,"15":276,"16":254,"17":45,"18":45,"19":4,"20":2,"21":2,"22":12,"23":10,"24":10,"25":2},"b":{"1":[12,0],"2":[61,6],"3":[46,4],"4":[44,2],"5":[42,2],"6":[282,2],"7":[254,22],"8":[2,2],"9":[10,2]},"f":{"1":1,"2":50,"3":67,"4":50,"5":45,"6":4,"7":12,"8":2},"fnMap":{"1":{"name":"constructor","line":31,"loc":{"start":{"line":31,"column":2},"end":{"line":37,"column":2}}},"2":{"name":"lockCall","line":39,"loc":{"start":{"line":39,"column":2},"end":{"line":44,"column":2}}},"3":{"name":"onlyOwner","line":46,"loc":{"start":{"line":46,"column":2},"end":{"line":49,"column":2}}},"4":{"name":"batch","line":61,"loc":{"start":{"line":58,"column":2},"end":{"line":81,"column":2}}},"5":{"name":"recover","line":93,"loc":{"start":{"line":89,"column":2},"end":{"line":96,"column":2}}},"6":{"name":"transferOwnership","line":102,"loc":{"start":{"line":102,"column":2},"end":{"line":106,"column":2}}},"7":{"name":"changeTransferGasLimit","line":116,"loc":{"start":{"line":114,"column":2},"end":{"line":121,"column":2}}},"8":{"name":null,"line":123,"loc":{"start":{"line":123,"column":2},"end":{"line":125,"column":2}}}},"statementMap":{"1":{"start":{"line":32,"column":4},"end":{"line":32,"column":18}},"2":{"start":{"line":33,"column":4},"end":{"line":33,"column":21}},"3":{"start":{"line":34,"column":4},"end":{"line":34,"column":39}},"4":{"start":{"line":35,"column":4},"end":{"line":35,"column":27}},"5":{"start":{"line":36,"column":4},"end":{"line":36,"column":52}},"6":{"start":{"line":41,"column":4},"end":{"line":41,"column":38}},"7":{"start":{"line":43,"column":4},"end":{"line":43,"column":70}},"8":{"start":{"line":47,"column":4},"end":{"line":47,"column":44}},"9":{"start":{"line":63,"column":4},"end":{"line":63,"column":70}},"10":{"start":{"line":64,"column":4},"end":{"line":64,"column":1952}},"11":{"start":{"line":68,"column":4},"end":{"line":68,"column":58}},"12":{"start":{"line":72,"column":4},"end":{"line":72,"column":2222}},"13":{"start":{"line":73,"column":6},"end":{"line":73,"column":70}},"14":{"start":{"line":74,"column":6},"end":{"line":74,"column":2356}},"15":{"start":{"line":78,"column":6},"end":{"line":78,"column":36}},"16":{"start":{"line":79,"column":6},"end":{"line":79,"column":62}},"17":{"start":{"line":94,"column":4},"end":{"line":94,"column":75}},"18":{"start":{"line":95,"column":4},"end":{"line":95,"column":21}},"19":{"start":{"line":103,"column":4},"end":{"line":103,"column":55}},"20":{"start":{"line":104,"column":4},"end":{"line":104,"column":37}},"21":{"start":{"line":105,"column":4},"end":{"line":105,"column":19}},"22":{"start":{"line":118,"column":4},"end":{"line":118,"column":69}},"23":{"start":{"line":119,"column":4},"end":{"line":119,"column":70}},"24":{"start":{"line":120,"column":4},"end":{"line":120,"column":41}},"25":{"start":{"line":124,"column":4},"end":{"line":124,"column":29}}},"branchMap":{"1":{"line":43,"type":"if","locations":[{"start":{"line":43,"column":4},"end":{"line":43,"column":4}},{"start":{"line":43,"column":4},"end":{"line":43,"column":4}}]},"2":{"line":47,"type":"if","locations":[{"start":{"line":47,"column":4},"end":{"line":47,"column":4}},{"start":{"line":47,"column":4},"end":{"line":47,"column":4}}]},"3":{"line":63,"type":"if","locations":[{"start":{"line":63,"column":4},"end":{"line":63,"column":4}},{"start":{"line":63,"column":4},"end":{"line":63,"column":4}}]},"4":{"line":64,"type":"if","locations":[{"start":{"line":64,"column":4},"end":{"line":64,"column":4}},{"start":{"line":64,"column":4},"end":{"line":64,"column":4}}]},"5":{"line":68,"type":"if","locations":[{"start":{"line":68,"column":4},"end":{"line":68,"column":4}},{"start":{"line":68,"column":4},"end":{"line":68,"column":4}}]},"6":{"line":73,"type":"if","locations":[{"start":{"line":73,"column":6},"end":{"line":73,"column":6}},{"start":{"line":73,"column":6},"end":{"line":73,"column":6}}]},"7":{"line":78,"type":"if","locations":[{"start":{"line":78,"column":6},"end":{"line":78,"column":6}},{"start":{"line":78,"column":6},"end":{"line":78,"column":6}}]},"8":{"line":103,"type":"if","locations":[{"start":{"line":103,"column":4},"end":{"line":103,"column":4}},{"start":{"line":103,"column":4},"end":{"line":103,"column":4}}]},"9":{"line":118,"type":"if","locations":[{"start":{"line":118,"column":4},"end":{"line":118,"column":4}},{"start":{"line":118,"column":4},"end":{"line":118,"column":4}}]}}},"contracts/CloneFactory.sol":{"l":{"33":156,"34":156,"70":0,"71":0},"path":"/Users/ttaylor/dev/eth-multisig-v4/contracts/CloneFactory.sol","s":{"1":156,"2":0},"b":{},"f":{"1":156,"2":0},"fnMap":{"1":{"name":"createClone","line":29,"loc":{"start":{"line":29,"column":2},"end":{"line":63,"column":2}}},"2":{"name":"isClone","line":65,"loc":{"start":{"line":65,"column":2},"end":{"line":97,"column":2}}}},"statementMap":{"1":{"start":{"line":33,"column":4},"end":{"line":33,"column":41}},"2":{"start":{"line":70,"column":4},"end":{"line":70,"column":41}}},"branchMap":{}},"contracts/coins/CeloWalletSimple.sol":{"l":{"39":117,"47":2,"55":28},"path":"/Users/ttaylor/dev/eth-multisig-v4/contracts/coins/CeloWalletSimple.sol","s":{"1":117,"2":2,"3":28},"b":{},"f":{"1":117,"2":2,"3":28},"fnMap":{"1":{"name":"getNetworkId","line":38,"loc":{"start":{"line":38,"column":2},"end":{"line":40,"column":2}}},"2":{"name":"getTokenNetworkId","line":46,"loc":{"start":{"line":46,"column":2},"end":{"line":48,"column":2}}},"3":{"name":"getBatchNetworkId","line":54,"loc":{"start":{"line":54,"column":2},"end":{"line":56,"column":2}}}},"statementMap":{"1":{"start":{"line":39,"column":6},"end":{"line":39,"column":19}},"2":{"start":{"line":47,"column":6},"end":{"line":47,"column":25}},"3":{"start":{"line":55,"column":6},"end":{"line":55,"column":25}}},"branchMap":{}},"contracts/coins/EtcWalletSimple.sol":{"l":{"39":117,"47":2,"55":28},"path":"/Users/ttaylor/dev/eth-multisig-v4/contracts/coins/EtcWalletSimple.sol","s":{"1":117,"2":2,"3":28},"b":{},"f":{"1":117,"2":2,"3":28},"fnMap":{"1":{"name":"getNetworkId","line":38,"loc":{"start":{"line":38,"column":2},"end":{"line":40,"column":2}}},"2":{"name":"getTokenNetworkId","line":46,"loc":{"start":{"line":46,"column":2},"end":{"line":48,"column":2}}},"3":{"name":"getBatchNetworkId","line":54,"loc":{"start":{"line":54,"column":2},"end":{"line":56,"column":2}}}},"statementMap":{"1":{"start":{"line":39,"column":6},"end":{"line":39,"column":18}},"2":{"start":{"line":47,"column":6},"end":{"line":47,"column":24}},"3":{"start":{"line":55,"column":6},"end":{"line":55,"column":24}}},"branchMap":{}},"contracts/coins/RskWalletSimple.sol":{"l":{"39":117,"47":2,"55":28},"path":"/Users/ttaylor/dev/eth-multisig-v4/contracts/coins/RskWalletSimple.sol","s":{"1":117,"2":2,"3":28},"b":{},"f":{"1":117,"2":2,"3":28},"fnMap":{"1":{"name":"getNetworkId","line":38,"loc":{"start":{"line":38,"column":2},"end":{"line":40,"column":2}}},"2":{"name":"getTokenNetworkId","line":46,"loc":{"start":{"line":46,"column":2},"end":{"line":48,"column":2}}},"3":{"name":"getBatchNetworkId","line":54,"loc":{"start":{"line":54,"column":2},"end":{"line":56,"column":2}}}},"statementMap":{"1":{"start":{"line":39,"column":6},"end":{"line":39,"column":18}},"2":{"start":{"line":47,"column":6},"end":{"line":47,"column":24}},"3":{"start":{"line":55,"column":6},"end":{"line":55,"column":24}}},"branchMap":{}},"contracts/ERC721Interface.sol":{"l":{},"path":"/Users/ttaylor/dev/eth-multisig-v4/contracts/ERC721Interface.sol","s":{},"b":{},"f":{},"fnMap":{},"statementMap":{},"branchMap":{}},"contracts/ERC721ReceiverInterface.sol":{"l":{},"path":"/Users/ttaylor/dev/eth-multisig-v4/contracts/ERC721ReceiverInterface.sol","s":{},"b":{},"f":{},"fnMap":{},"statementMap":{},"branchMap":{}},"contracts/Forwarder.sol":{"l":{"24":80,"25":80,"27":80,"28":71,"31":9,"32":9,"35":9,"41":9,"48":12,"49":12,"56":82,"57":80,"64":17,"71":46,"84":0,"85":0,"87":0,"88":0,"91":0,"93":0,"97":0,"98":0,"106":12,"107":12,"108":12,"109":12,"110":4,"113":8,"126":0,"127":0,"128":0,"130":0,"132":0,"139":63,"141":63,"142":8,"145":55,"146":55,"147":55},"path":"/Users/ttaylor/dev/eth-multisig-v4/contracts/Forwarder.sol","s":{"1":80,"2":80,"3":80,"4":71,"5":9,"6":9,"7":9,"8":9,"9":12,"10":82,"11":17,"12":0,"13":0,"14":0,"15":0,"16":0,"17":0,"18":0,"19":0,"20":12,"21":12,"22":12,"23":12,"24":4,"25":8,"26":0,"27":0,"28":0,"29":0,"30":0,"31":63,"32":63,"33":8,"34":55,"35":55,"36":55},"b":{"1":[71,9],"2":[9,0],"3":[12,0],"4":[80,2],"5":[0,0],"6":[0,0],"7":[0,0],"8":[0,0],"9":[4,8],"10":[0,0],"11":[8,55],"12":[55,0]},"f":{"1":80,"2":12,"3":82,"4":17,"5":0,"6":0,"7":12,"8":0,"9":63},"fnMap":{"1":{"name":"init","line":23,"loc":{"start":{"line":23,"column":2},"end":{"line":42,"column":2}}},"2":{"name":"onlyParent","line":47,"loc":{"start":{"line":47,"column":2},"end":{"line":50,"column":2}}},"3":{"name":"onlyUninitialized","line":55,"loc":{"start":{"line":55,"column":2},"end":{"line":58,"column":2}}},"4":{"name":null,"line":63,"loc":{"start":{"line":63,"column":2},"end":{"line":65,"column":2}}},"5":{"name":"onERC721Received","line":83,"loc":{"start":{"line":83,"column":2},"end":{"line":94,"column":2}}},"6":{"name":"callFromParent","line":96,"loc":{"start":{"line":96,"column":2},"end":{"line":99,"column":2}}},"7":{"name":"flushTokens","line":105,"loc":{"start":{"line":105,"column":2},"end":{"line":118,"column":2}}},"8":{"name":"flushERC721Tokens","line":125,"loc":{"start":{"line":125,"column":2},"end":{"line":133,"column":2}}},"9":{"name":"flush","line":138,"loc":{"start":{"line":138,"column":2},"end":{"line":148,"column":2}}}},"statementMap":{"1":{"start":{"line":24,"column":4},"end":{"line":24,"column":33}},"2":{"start":{"line":25,"column":4},"end":{"line":25,"column":41}},"3":{"start":{"line":27,"column":4},"end":{"line":27,"column":897}},"4":{"start":{"line":28,"column":6},"end":{"line":28,"column":12}},"5":{"start":{"line":31,"column":4},"end":{"line":31,"column":61}},"6":{"start":{"line":32,"column":4},"end":{"line":32,"column":35}},"7":{"start":{"line":35,"column":4},"end":{"line":35,"column":31}},"8":{"start":{"line":41,"column":4},"end":{"line":41,"column":59}},"9":{"start":{"line":48,"column":4},"end":{"line":48,"column":54}},"10":{"start":{"line":56,"column":4},"end":{"line":56,"column":64}},"11":{"start":{"line":64,"column":4},"end":{"line":64,"column":10}},"12":{"start":{"line":84,"column":4},"end":{"line":84,"column":2770}},"13":{"start":{"line":85,"column":6},"end":{"line":85,"column":41}},"14":{"start":{"line":87,"column":6},"end":{"line":87,"column":104}},"15":{"start":{"line":88,"column":6},"end":{"line":88,"column":85}},"16":{"start":{"line":91,"column":6},"end":{"line":91,"column":70}},"17":{"start":{"line":93,"column":4},"end":{"line":93,"column":41}},"18":{"start":{"line":97,"column":4},"end":{"line":97,"column":56}},"19":{"start":{"line":98,"column":4},"end":{"line":98,"column":51}},"20":{"start":{"line":106,"column":4},"end":{"line":106,"column":66}},"21":{"start":{"line":107,"column":4},"end":{"line":107,"column":44}},"22":{"start":{"line":108,"column":4},"end":{"line":108,"column":67}},"23":{"start":{"line":109,"column":4},"end":{"line":109,"column":3877}},"24":{"start":{"line":110,"column":6},"end":{"line":110,"column":12}},"25":{"start":{"line":113,"column":4},"end":{"line":113,"column":3931}},"26":{"start":{"line":126,"column":4},"end":{"line":126,"column":50}},"27":{"start":{"line":127,"column":4},"end":{"line":127,"column":44}},"28":{"start":{"line":128,"column":4},"end":{"line":128,"column":52}},"29":{"start":{"line":130,"column":4},"end":{"line":130,"column":81}},"30":{"start":{"line":132,"column":4},"end":{"line":132,"column":66}},"31":{"start":{"line":139,"column":4},"end":{"line":139,"column":41}},"32":{"start":{"line":141,"column":4},"end":{"line":141,"column":4808}},"33":{"start":{"line":142,"column":6},"end":{"line":142,"column":12}},"34":{"start":{"line":145,"column":4},"end":{"line":145,"column":61}},"35":{"start":{"line":146,"column":4},"end":{"line":146,"column":35}},"36":{"start":{"line":147,"column":4},"end":{"line":147,"column":56}}},"branchMap":{"1":{"line":27,"type":"if","locations":[{"start":{"line":27,"column":4},"end":{"line":27,"column":4}},{"start":{"line":27,"column":4},"end":{"line":27,"column":4}}]},"2":{"line":32,"type":"if","locations":[{"start":{"line":32,"column":4},"end":{"line":32,"column":4}},{"start":{"line":32,"column":4},"end":{"line":32,"column":4}}]},"3":{"line":48,"type":"if","locations":[{"start":{"line":48,"column":4},"end":{"line":48,"column":4}},{"start":{"line":48,"column":4},"end":{"line":48,"column":4}}]},"4":{"line":56,"type":"if","locations":[{"start":{"line":56,"column":4},"end":{"line":56,"column":4}},{"start":{"line":56,"column":4},"end":{"line":56,"column":4}}]},"5":{"line":84,"type":"if","locations":[{"start":{"line":84,"column":4},"end":{"line":84,"column":4}},{"start":{"line":84,"column":4},"end":{"line":84,"column":4}}]},"6":{"line":87,"type":"if","locations":[{"start":{"line":87,"column":6},"end":{"line":87,"column":6}},{"start":{"line":87,"column":6},"end":{"line":87,"column":6}}]},"7":{"line":88,"type":"if","locations":[{"start":{"line":88,"column":6},"end":{"line":88,"column":6}},{"start":{"line":88,"column":6},"end":{"line":88,"column":6}}]},"8":{"line":98,"type":"if","locations":[{"start":{"line":98,"column":4},"end":{"line":98,"column":4}},{"start":{"line":98,"column":4},"end":{"line":98,"column":4}}]},"9":{"line":109,"type":"if","locations":[{"start":{"line":109,"column":4},"end":{"line":109,"column":4}},{"start":{"line":109,"column":4},"end":{"line":109,"column":4}}]},"10":{"line":130,"type":"if","locations":[{"start":{"line":130,"column":4},"end":{"line":130,"column":4}},{"start":{"line":130,"column":4},"end":{"line":130,"column":4}}]},"11":{"line":141,"type":"if","locations":[{"start":{"line":141,"column":4},"end":{"line":141,"column":4}},{"start":{"line":141,"column":4},"end":{"line":141,"column":4}}]},"12":{"line":146,"type":"if","locations":[{"start":{"line":146,"column":4},"end":{"line":146,"column":4}},{"start":{"line":146,"column":4},"end":{"line":146,"column":4}}]}}},"contracts/ForwarderFactory.sol":{"l":{"12":74,"17":78,"19":78,"20":78,"21":76},"path":"/Users/ttaylor/dev/eth-multisig-v4/contracts/ForwarderFactory.sol","s":{"1":74,"2":78,"3":78,"4":78,"5":76},"b":{},"f":{"1":74,"2":78},"fnMap":{"1":{"name":"constructor","line":11,"loc":{"start":{"line":11,"column":2},"end":{"line":13,"column":2}}},"2":{"name":"createForwarder","line":15,"loc":{"start":{"line":15,"column":2},"end":{"line":22,"column":2}}}},"statementMap":{"1":{"start":{"line":12,"column":4},"end":{"line":12,"column":49}},"2":{"start":{"line":17,"column":4},"end":{"line":17,"column":65}},"3":{"start":{"line":19,"column":4},"end":{"line":19,"column":73}},"4":{"start":{"line":20,"column":4},"end":{"line":20,"column":38}},"5":{"start":{"line":21,"column":4},"end":{"line":21,"column":40}}},"branchMap":{}},"contracts/ReentracyGuard.sol":{"l":{"40":152,"52":629,"55":629,"57":629,"61":149},"path":"/Users/ttaylor/dev/eth-multisig-v4/contracts/ReentracyGuard.sol","s":{"1":152,"2":629,"3":629,"4":149},"b":{"1":[629,0]},"f":{"1":152,"2":629},"fnMap":{"1":{"name":"constructor","line":39,"loc":{"start":{"line":39,"column":4},"end":{"line":41,"column":4}}},"2":{"name":"nonReentrant","line":50,"loc":{"start":{"line":50,"column":4},"end":{"line":62,"column":4}}}},"statementMap":{"1":{"start":{"line":40,"column":8},"end":{"line":40,"column":29}},"2":{"start":{"line":52,"column":8},"end":{"line":52,"column":70}},"3":{"start":{"line":55,"column":8},"end":{"line":55,"column":25}},"4":{"start":{"line":61,"column":8},"end":{"line":61,"column":29}}},"branchMap":{"1":{"line":52,"type":"if","locations":[{"start":{"line":52,"column":8},"end":{"line":52,"column":8}},{"start":{"line":52,"column":8},"end":{"line":52,"column":8}}]}}},"contracts/WalletFactory.sol":{"l":{"12":70,"19":78,"21":78,"22":78,"23":68},"path":"/Users/ttaylor/dev/eth-multisig-v4/contracts/WalletFactory.sol","s":{"1":70,"2":78,"3":78,"4":78,"5":68},"b":{},"f":{"1":70,"2":78},"fnMap":{"1":{"name":"constructor","line":11,"loc":{"start":{"line":11,"column":2},"end":{"line":13,"column":2}}},"2":{"name":"createWallet","line":15,"loc":{"start":{"line":15,"column":2},"end":{"line":24,"column":2}}}},"statementMap":{"1":{"start":{"line":12,"column":4},"end":{"line":12,"column":49}},"2":{"start":{"line":19,"column":4},"end":{"line":19,"column":73}},"3":{"start":{"line":21,"column":4},"end":{"line":21,"column":73}},"4":{"start":{"line":22,"column":4},"end":{"line":22,"column":43}},"5":{"start":{"line":23,"column":4},"end":{"line":23,"column":45}}},"branchMap":{}},"contracts/WalletSimple.sol":{"l":{"78":84,"80":76,"81":228,"82":220,"84":68,"96":118,"108":2,"120":28,"129":1711,"136":1230,"137":1206,"144":84,"145":84,"152":4,"154":4,"162":73,"164":73,"188":469,"199":469,"208":133,"209":133,"211":117,"239":136,"240":128,"244":120,"247":112,"259":112,"260":112,"268":40,"269":24,"283":40,"284":84,"286":76,"287":76,"289":68,"313":8,"324":8,"326":8,"340":12,"341":12,"361":589,"364":589,"367":581,"370":565,"372":453,"374":197,"376":181,"388":16,"395":16,"396":16,"409":589,"412":589,"413":589,"414":589,"417":589,"422":589,"423":0,"429":589,"438":589,"449":565,"451":565,"452":565,"453":5098,"455":4994,"456":492,"462":461,"469":453,"475":453,"483":208,"484":208,"485":2080,"486":368,"489":208},"path":"/Users/ttaylor/dev/eth-multisig-v4/contracts/WalletSimple.sol","s":{"1":84,"2":76,"3":228,"4":220,"5":68,"6":118,"7":2,"8":28,"9":1711,"10":1230,"11":84,"12":4,"13":4,"14":469,"15":469,"16":133,"17":133,"18":117,"19":136,"20":128,"21":120,"22":112,"23":112,"24":112,"25":40,"26":24,"27":40,"28":84,"29":76,"30":76,"31":68,"32":8,"33":8,"34":8,"35":12,"36":12,"37":589,"38":589,"39":581,"40":565,"41":453,"42":197,"43":181,"44":16,"45":16,"46":16,"47":589,"48":589,"49":589,"50":589,"51":589,"52":0,"53":589,"54":589,"55":565,"56":565,"57":565,"58":5098,"59":4994,"60":492,"61":461,"62":453,"63":453,"64":208,"65":208,"66":2080,"67":368,"68":208},"b":{"1":[76,8],"2":[220,8],"3":[1206,24],"4":[84,0],"5":[4,0],"6":[73,0],"7":[117,16],"8":[128,8],"9":[120,8],"10":[112,8],"11":[112,0],"12":[76,8],"13":[68,8],"14":[581,8],"15":[565,16],"16":[197,256],"17":[181,16],"18":[589,0],"19":[0,589],"20":[589,0],"21":[4994,104],"22":[492,4502],"23":[453,8],"24":[453,0],"25":[368,1712]},"f":{"1":84,"2":118,"3":2,"4":28,"5":1711,"6":1230,"7":84,"8":4,"9":469,"10":136,"11":40,"12":8,"13":12,"14":589,"15":16,"16":16,"17":589,"18":565,"19":208},"fnMap":{"1":{"name":"init","line":77,"loc":{"start":{"line":77,"column":2},"end":{"line":85,"column":2}}},"2":{"name":"getNetworkId","line":95,"loc":{"start":{"line":95,"column":2},"end":{"line":97,"column":2}}},"3":{"name":"getTokenNetworkId","line":107,"loc":{"start":{"line":107,"column":2},"end":{"line":109,"column":2}}},"4":{"name":"getBatchNetworkId","line":119,"loc":{"start":{"line":119,"column":2},"end":{"line":121,"column":2}}},"5":{"name":"isSigner","line":128,"loc":{"start":{"line":128,"column":2},"end":{"line":130,"column":2}}},"6":{"name":"onlySigner","line":135,"loc":{"start":{"line":135,"column":2},"end":{"line":138,"column":2}}},"7":{"name":"onlyUninitialized","line":143,"loc":{"start":{"line":143,"column":2},"end":{"line":146,"column":2}}},"8":{"name":null,"line":151,"loc":{"start":{"line":151,"column":2},"end":{"line":156,"column":2}}},"9":{"name":"sendMultiSig","line":186,"loc":{"start":{"line":179,"column":2},"end":{"line":219,"column":2}}},"10":{"name":"sendMultiSigBatch","line":238,"loc":{"start":{"line":232,"column":2},"end":{"line":270,"column":2}}},"11":{"name":"batchTransfer","line":279,"loc":{"start":{"line":279,"column":2},"end":{"line":291,"column":2}}},"12":{"name":"sendMultiSigToken","line":311,"loc":{"start":{"line":304,"column":2},"end":{"line":327,"column":2}}},"13":{"name":"flushForwarderTokens","line":339,"loc":{"start":{"line":336,"column":2},"end":{"line":342,"column":2}}},"14":{"name":"verifyMultiSig","line":354,"loc":{"start":{"line":354,"column":2},"end":{"line":377,"column":2}}},"15":{"name":"onERC721Received","line":387,"loc":{"start":{"line":387,"column":2},"end":{"line":389,"column":2}}},"16":{"name":"activateSafeMode","line":394,"loc":{"start":{"line":394,"column":2},"end":{"line":397,"column":2}}},"17":{"name":"recoverAddressFromSignature","line":405,"loc":{"start":{"line":405,"column":2},"end":{"line":439,"column":2}}},"18":{"name":"tryInsertSequenceId","line":447,"loc":{"start":{"line":447,"column":2},"end":{"line":476,"column":2}}},"19":{"name":"getNextSequenceId","line":482,"loc":{"start":{"line":482,"column":2},"end":{"line":490,"column":2}}}},"statementMap":{"1":{"start":{"line":78,"column":4},"end":{"line":78,"column":67}},"2":{"start":{"line":80,"column":4},"end":{"line":80,"column":3489}},"3":{"start":{"line":81,"column":6},"end":{"line":81,"column":63}},"4":{"start":{"line":82,"column":6},"end":{"line":82,"column":38}},"5":{"start":{"line":84,"column":4},"end":{"line":84,"column":21}},"6":{"start":{"line":96,"column":4},"end":{"line":96,"column":18}},"7":{"start":{"line":108,"column":4},"end":{"line":108,"column":18}},"8":{"start":{"line":120,"column":4},"end":{"line":120,"column":24}},"9":{"start":{"line":129,"column":4},"end":{"line":129,"column":26}},"10":{"start":{"line":136,"column":4},"end":{"line":136,"column":67}},"11":{"start":{"line":144,"column":4},"end":{"line":144,"column":56}},"12":{"start":{"line":152,"column":4},"end":{"line":152,"column":6141}},"13":{"start":{"line":154,"column":6},"end":{"line":154,"column":47}},"14":{"start":{"line":188,"column":4},"end":{"line":188,"column":7452}},"15":{"start":{"line":199,"column":4},"end":{"line":199,"column":7642}},"16":{"start":{"line":208,"column":4},"end":{"line":208,"column":59}},"17":{"start":{"line":209,"column":4},"end":{"line":209,"column":44}},"18":{"start":{"line":211,"column":4},"end":{"line":211,"column":7928}},"19":{"start":{"line":239,"column":4},"end":{"line":239,"column":59}},"20":{"start":{"line":240,"column":4},"end":{"line":240,"column":9037}},"21":{"start":{"line":244,"column":4},"end":{"line":244,"column":67}},"22":{"start":{"line":247,"column":4},"end":{"line":247,"column":9240}},"23":{"start":{"line":259,"column":4},"end":{"line":259,"column":43}},"24":{"start":{"line":260,"column":4},"end":{"line":260,"column":9689}},"25":{"start":{"line":268,"column":4},"end":{"line":268,"column":36}},"26":{"start":{"line":269,"column":4},"end":{"line":269,"column":64}},"27":{"start":{"line":283,"column":4},"end":{"line":283,"column":10365}},"28":{"start":{"line":284,"column":6},"end":{"line":284,"column":70}},"29":{"start":{"line":286,"column":6},"end":{"line":286,"column":67}},"30":{"start":{"line":287,"column":6},"end":{"line":287,"column":36}},"31":{"start":{"line":289,"column":6},"end":{"line":289,"column":62}},"32":{"start":{"line":313,"column":4},"end":{"line":313,"column":11602}},"33":{"start":{"line":324,"column":4},"end":{"line":324,"column":78}},"34":{"start":{"line":326,"column":4},"end":{"line":326,"column":70}},"35":{"start":{"line":340,"column":4},"end":{"line":340,"column":53}},"36":{"start":{"line":341,"column":4},"end":{"line":341,"column":46}},"37":{"start":{"line":361,"column":4},"end":{"line":361,"column":79}},"38":{"start":{"line":364,"column":4},"end":{"line":364,"column":78}},"39":{"start":{"line":367,"column":4},"end":{"line":367,"column":64}},"40":{"start":{"line":370,"column":4},"end":{"line":370,"column":34}},"41":{"start":{"line":372,"column":4},"end":{"line":372,"column":51}},"42":{"start":{"line":374,"column":4},"end":{"line":374,"column":64}},"43":{"start":{"line":376,"column":4},"end":{"line":376,"column":22}},"44":{"start":{"line":388,"column":4},"end":{"line":388,"column":41}},"45":{"start":{"line":395,"column":4},"end":{"line":395,"column":18}},"46":{"start":{"line":396,"column":4},"end":{"line":396,"column":32}},"47":{"start":{"line":409,"column":4},"end":{"line":409,"column":70}},"48":{"start":{"line":412,"column":4},"end":{"line":412,"column":13}},"49":{"start":{"line":413,"column":4},"end":{"line":413,"column":13}},"50":{"start":{"line":414,"column":4},"end":{"line":414,"column":11}},"51":{"start":{"line":422,"column":4},"end":{"line":422,"column":15295}},"52":{"start":{"line":423,"column":6},"end":{"line":423,"column":12}},"53":{"start":{"line":429,"column":4},"end":{"line":429,"column":15680}},"54":{"start":{"line":438,"column":4},"end":{"line":438,"column":44}},"55":{"start":{"line":449,"column":4},"end":{"line":449,"column":32}},"56":{"start":{"line":451,"column":4},"end":{"line":451,"column":82}},"57":{"start":{"line":452,"column":4},"end":{"line":452,"column":16815}},"58":{"start":{"line":453,"column":6},"end":{"line":453,"column":77}},"59":{"start":{"line":455,"column":6},"end":{"line":455,"column":16960}},"60":{"start":{"line":456,"column":8},"end":{"line":456,"column":27}},"61":{"start":{"line":462,"column":4},"end":{"line":462,"column":17216}},"62":{"start":{"line":469,"column":4},"end":{"line":469,"column":17488}},"63":{"start":{"line":475,"column":4},"end":{"line":475,"column":51}},"64":{"start":{"line":483,"column":4},"end":{"line":483,"column":33}},"65":{"start":{"line":484,"column":4},"end":{"line":484,"column":17962}},"66":{"start":{"line":485,"column":6},"end":{"line":485,"column":18026}},"67":{"start":{"line":486,"column":8},"end":{"line":486,"column":47}},"68":{"start":{"line":489,"column":4},"end":{"line":489,"column":32}}},"branchMap":{"1":{"line":78,"type":"if","locations":[{"start":{"line":78,"column":4},"end":{"line":78,"column":4}},{"start":{"line":78,"column":4},"end":{"line":78,"column":4}}]},"2":{"line":81,"type":"if","locations":[{"start":{"line":81,"column":6},"end":{"line":81,"column":6}},{"start":{"line":81,"column":6},"end":{"line":81,"column":6}}]},"3":{"line":136,"type":"if","locations":[{"start":{"line":136,"column":4},"end":{"line":136,"column":4}},{"start":{"line":136,"column":4},"end":{"line":136,"column":4}}]},"4":{"line":144,"type":"if","locations":[{"start":{"line":144,"column":4},"end":{"line":144,"column":4}},{"start":{"line":144,"column":4},"end":{"line":144,"column":4}}]},"5":{"line":152,"type":"if","locations":[{"start":{"line":152,"column":4},"end":{"line":152,"column":4}},{"start":{"line":152,"column":4},"end":{"line":152,"column":4}}]},"6":{"line":162,"type":"if","locations":[{"start":{"line":162,"column":4},"end":{"line":162,"column":4}},{"start":{"line":162,"column":4},"end":{"line":162,"column":4}}]},"7":{"line":209,"type":"if","locations":[{"start":{"line":209,"column":4},"end":{"line":209,"column":4}},{"start":{"line":209,"column":4},"end":{"line":209,"column":4}}]},"8":{"line":239,"type":"if","locations":[{"start":{"line":239,"column":4},"end":{"line":239,"column":4}},{"start":{"line":239,"column":4},"end":{"line":239,"column":4}}]},"9":{"line":240,"type":"if","locations":[{"start":{"line":240,"column":4},"end":{"line":240,"column":4}},{"start":{"line":240,"column":4},"end":{"line":240,"column":4}}]},"10":{"line":244,"type":"if","locations":[{"start":{"line":244,"column":4},"end":{"line":244,"column":4}},{"start":{"line":244,"column":4},"end":{"line":244,"column":4}}]},"11":{"line":259,"type":"if","locations":[{"start":{"line":259,"column":4},"end":{"line":259,"column":4}},{"start":{"line":259,"column":4},"end":{"line":259,"column":4}}]},"12":{"line":284,"type":"if","locations":[{"start":{"line":284,"column":6},"end":{"line":284,"column":6}},{"start":{"line":284,"column":6},"end":{"line":284,"column":6}}]},"13":{"line":287,"type":"if","locations":[{"start":{"line":287,"column":6},"end":{"line":287,"column":6}},{"start":{"line":287,"column":6},"end":{"line":287,"column":6}}]},"14":{"line":364,"type":"if","locations":[{"start":{"line":364,"column":4},"end":{"line":364,"column":4}},{"start":{"line":364,"column":4},"end":{"line":364,"column":4}}]},"15":{"line":367,"type":"if","locations":[{"start":{"line":367,"column":4},"end":{"line":367,"column":4}},{"start":{"line":367,"column":4},"end":{"line":367,"column":4}}]},"16":{"line":372,"type":"if","locations":[{"start":{"line":372,"column":4},"end":{"line":372,"column":4}},{"start":{"line":372,"column":4},"end":{"line":372,"column":4}}]},"17":{"line":374,"type":"if","locations":[{"start":{"line":374,"column":4},"end":{"line":374,"column":4}},{"start":{"line":374,"column":4},"end":{"line":374,"column":4}}]},"18":{"line":409,"type":"if","locations":[{"start":{"line":409,"column":4},"end":{"line":409,"column":4}},{"start":{"line":409,"column":4},"end":{"line":409,"column":4}}]},"19":{"line":422,"type":"if","locations":[{"start":{"line":422,"column":4},"end":{"line":422,"column":4}},{"start":{"line":422,"column":4},"end":{"line":422,"column":4}}]},"20":{"line":429,"type":"if","locations":[{"start":{"line":429,"column":4},"end":{"line":429,"column":4}},{"start":{"line":429,"column":4},"end":{"line":429,"column":4}}]},"21":{"line":453,"type":"if","locations":[{"start":{"line":453,"column":6},"end":{"line":453,"column":6}},{"start":{"line":453,"column":6},"end":{"line":453,"column":6}}]},"22":{"line":455,"type":"if","locations":[{"start":{"line":455,"column":6},"end":{"line":455,"column":6}},{"start":{"line":455,"column":6},"end":{"line":455,"column":6}}]},"23":{"line":462,"type":"if","locations":[{"start":{"line":462,"column":4},"end":{"line":462,"column":4}},{"start":{"line":462,"column":4},"end":{"line":462,"column":4}}]},"24":{"line":469,"type":"if","locations":[{"start":{"line":469,"column":4},"end":{"line":469,"column":4}},{"start":{"line":469,"column":4},"end":{"line":469,"column":4}}]},"25":{"line":485,"type":"if","locations":[{"start":{"line":485,"column":6},"end":{"line":485,"column":6}},{"start":{"line":485,"column":6},"end":{"line":485,"column":6}}]}}}}